#
# There is insufficient memory for the Java Runtime Environment to continue.
# Native memory allocation (malloc) failed to allocate 1048576 bytes for AllocateHeap
# Possible reasons:
#   The system is out of physical RAM or swap space
#   The process is running with CompressedOops enabled, and the Java Heap may be blocking the growth of the native heap
# Possible solutions:
#   Reduce memory load on the system
#   Increase physical memory or swap space
#   Check if swap backing store is full
#   Decrease Java heap size (-Xmx/-Xms)
#   Decrease number of Java threads
#   Decrease Java thread stack sizes (-Xss)
#   Set larger code cache with -XX:ReservedCodeCacheSize=
#   JVM is running with Unscaled Compressed Oops mode in which the Java heap is
#     placed in the first 4GB address space. The Java Heap base address is the
#     maximum limit for the native heap growth. Please use -XX:HeapBaseMinAddress
#     to set the Java Heap base and to place the Java Heap above 4GB virtual address.
# This output file may be truncated or incomplete.
#
#  Out of Memory Error (allocation.cpp:44), pid=7816, tid=5692
#
# JRE version:  (21.0.1+12) (build )
# Java VM: OpenJDK 64-Bit Server VM (21.0.1+12-LTS, mixed mode, sharing, tiered, compressed oops, compressed class ptrs, g1 gc, windows-amd64)
# No core dump will be written. Minidumps are not enabled by default on client versions of Windows
#

---------------  S U M M A R Y ------------

Command Line: -Dfile.encoding=UTF-8 --module-path=C:\Users\ASUS\Documents\NetBeansProjects\ProjectPBO\build\classes FinalProject.Main

Host: 11th Gen Intel(R) Core(TM) i5-1135G7 @ 2.40GHz, 8 cores, 7G,  Windows 11 , 64 bit Build 22621 (10.0.22621.2506)
Time: Thu Dec 21 20:46:10 2023 SE Asia Standard Time elapsed time: 0.036146 seconds (0d 0h 0m 0s)

---------------  T H R E A D  ---------------

Current thread (0x000001d54eb98e00):  JavaThread "Unknown thread" [_thread_in_vm, id=5692, stack(0x0000001dbac00000,0x0000001dbad00000) (1024K)]

Stack: [0x0000001dbac00000,0x0000001dbad00000]
Native frames: (J=compiled Java code, j=interpreted, Vv=VM code, C=native code)
V  [jvm.dll+0x6cea19]
V  [jvm.dll+0x8a9ef1]
V  [jvm.dll+0x8ac1ce]
V  [jvm.dll+0x8ac8b3]
V  [jvm.dll+0x283e46]
V  [jvm.dll+0xc0627]
V  [jvm.dll+0x334fc5]
V  [jvm.dll+0x32d611]
V  [jvm.dll+0x872229]
V  [jvm.dll+0x3bee51]
V  [jvm.dll+0x85aaa8]
V  [jvm.dll+0x452a5e]
V  [jvm.dll+0x454521]
C  [jli.dll+0x52a3]
C  [ucrtbase.dll+0x29363]
C  [KERNEL32.DLL+0x1257d]
C  [ntdll.dll+0x5aa58]


---------------  P R O C E S S  ---------------

Threads class SMR info:
_java_thread_list=0x00007ffe6d279088, length=0, elements={
}

Java Threads: ( => current thread )
Total: 0

Other Threads:
  0x000001d550cc2920 WorkerThread "GC Thread#0"                     [id=3880, stack(0x0000001dbad00000,0x0000001dbae00000) (1024K)]

[error occurred during error reporting (printing all threads), id 0xc0000005, EXCEPTION_ACCESS_VIOLATION (0xc0000005) at pc=0x00007ffe6c979c10]
VM state: not at safepoint (not fully initialized)

VM Mutex/Monitor currently owned by a thread:  ([mutex/lock_event])
[0x00007ffe6d2ecb28] Heap_lock - owner thread: 0x000001d54eb98e00

Heap address: 0x0000000084c00000, size: 1972 MB, Compressed Oops mode: 32-bit

CDS archive(s) mapped at: [0x0000000000000000-0x0000000000000000-0x0000000000000000), size 0, SharedBaseAddress: 0x0000000800000000, ArchiveRelocationMode: 1.
Narrow klass base: 0x0000000000000000, Narrow klass shift: 0, Narrow klass range: 0x0

GC Precious Log:
 CardTable entry size: 512
 Card Set container configuration: InlinePtr #cards 5 size 8 Array Of Cards #cards 12 size 40 Howl #buckets 4 coarsen threshold 1843 Howl Bitmap #cards 512 size 80 coarsen threshold 460 Card regions per heap region 1 cards per card region 2048

Heap:
 garbage-first heap   total 0K, used 0K [0x0000000084c00000, 0x0000000100000000)
  region size 1024K, 0 young (0K), 0 survivors (0K)

[error occurred during error reporting (printing heap information), id 0xc0000005, EXCEPTION_ACCESS_VIOLATION (0xc0000005) at pc=0x00007ffe6cd67739]
GC Heap History (0 events):
No events

Dll operation events (1 events):
Event: 0.007 Loaded shared library C:\Program Files\Apache NetBeans\jdk\bin\java.dll

Deoptimization events (0 events):
No events

Classes loaded (0 events):
No events

Classes unloaded (0 events):
No events

Classes redefined (0 events):
No events

Internal exceptions (0 events):
No events

ZGC Phase Switch (0 events):
No events

VM Operations (0 events):
No events

Events (0 events):
No events


Dynamic libraries:
0x00007ff679440000 - 0x00007ff67944e000 	C:\Program Files\Apache NetBeans\jdk\bin\java.exe
0x00007ffedabf0000 - 0x00007ffedae07000 	C:\WINDOWS\SYSTEM32\ntdll.dll
0x00007ffed89f0000 - 0x00007ffed8ab4000 	C:\WINDOWS\System32\KERNEL32.DLL
0x00007ffed8590000 - 0x00007ffed8936000 	C:\WINDOWS\System32\KERNELBASE.dll
0x00007ffed7f60000 - 0x00007ffed8071000 	C:\WINDOWS\System32\ucrtbase.dll
0x00007ffecc1e0000 - 0x00007ffecc1fb000 	C:\Program Files\Apache NetBeans\jdk\bin\VCRUNTIME140.dll
0x00007ffed2ee0000 - 0x00007ffed2ef8000 	C:\Program Files\Apache NetBeans\jdk\bin\jli.dll
0x00007ffeda810000 - 0x00007ffeda9be000 	C:\WINDOWS\System32\USER32.dll
0x00007ffed8560000 - 0x00007ffed8586000 	C:\WINDOWS\System32\win32u.dll
0x00007ffec9120000 - 0x00007ffec93b3000 	C:\WINDOWS\WinSxS\amd64_microsoft.windows.common-controls_6595b64144ccf1df_6.0.22621.2506_none_270c5ae97388e100\COMCTL32.dll
0x00007ffed8940000 - 0x00007ffed89e7000 	C:\WINDOWS\System32\msvcrt.dll
0x00007ffed8ac0000 - 0x00007ffed8ae9000 	C:\WINDOWS\System32\GDI32.dll
0x00007ffed81a0000 - 0x00007ffed82b8000 	C:\WINDOWS\System32\gdi32full.dll
0x00007ffed8100000 - 0x00007ffed819a000 	C:\WINDOWS\System32\msvcp_win.dll
0x00007ffeda720000 - 0x00007ffeda751000 	C:\WINDOWS\System32\IMM32.DLL
0x00007ffeac9c0000 - 0x00007ffeac9cc000 	C:\Program Files\Apache NetBeans\jdk\bin\vcruntime140_1.dll
0x00007ffe6c2a0000 - 0x00007ffe6c32e000 	C:\Program Files\Apache NetBeans\jdk\bin\msvcp140.dll
0x00007ffe6c640000 - 0x00007ffe6d3cd000 	C:\Program Files\Apache NetBeans\jdk\bin\server\jvm.dll
0x00007ffed8af0000 - 0x00007ffed8ba1000 	C:\WINDOWS\System32\ADVAPI32.dll
0x00007ffed93d0000 - 0x00007ffed9475000 	C:\WINDOWS\System32\sechost.dll
0x00007ffed8bb0000 - 0x00007ffed8cc7000 	C:\WINDOWS\System32\RPCRT4.dll
0x00007ffed9dd0000 - 0x00007ffed9e41000 	C:\WINDOWS\System32\WS2_32.dll
0x00007ffed6d80000 - 0x00007ffed6dcd000 	C:\WINDOWS\SYSTEM32\POWRPROF.dll
0x00007ffecba70000 - 0x00007ffecbaa4000 	C:\WINDOWS\SYSTEM32\WINMM.dll
0x00007ffec77a0000 - 0x00007ffec77aa000 	C:\WINDOWS\SYSTEM32\VERSION.dll
0x00007ffed6d60000 - 0x00007ffed6d73000 	C:\WINDOWS\SYSTEM32\UMPDC.dll
0x00007ffed7020000 - 0x00007ffed7038000 	C:\WINDOWS\SYSTEM32\kernel.appcore.dll
0x00007ffe9fc20000 - 0x00007ffe9fc2a000 	C:\Program Files\Apache NetBeans\jdk\bin\jimage.dll
0x00007ffed5850000 - 0x00007ffed5a83000 	C:\WINDOWS\SYSTEM32\DBGHELP.DLL
0x00007ffed9e50000 - 0x00007ffeda1d9000 	C:\WINDOWS\System32\combase.dll
0x00007ffeda540000 - 0x00007ffeda617000 	C:\WINDOWS\System32\OLEAUT32.dll
0x00007ffec10d0000 - 0x00007ffec1102000 	C:\WINDOWS\SYSTEM32\dbgcore.DLL
0x00007ffed8080000 - 0x00007ffed80fa000 	C:\WINDOWS\System32\bcryptPrimitives.dll
0x00007ffe6c5e0000 - 0x00007ffe6c5ff000 	C:\Program Files\Apache NetBeans\jdk\bin\java.dll

dbghelp: loaded successfully - version: 4.0.5 - missing functions: none
symbol engine: initialized successfully - sym options: 0x614 - pdb path: .;C:\Program Files\Apache NetBeans\jdk\bin;C:\WINDOWS\SYSTEM32;C:\WINDOWS\WinSxS\amd64_microsoft.windows.common-controls_6595b64144ccf1df_6.0.22621.2506_none_270c5ae97388e100;C:\Program Files\Apache NetBeans\jdk\bin\server

VM Arguments:
jvm_args: -Dfile.encoding=UTF-8 --module-path=C:\Users\ASUS\Documents\NetBeansProjects\ProjectPBO\build\classes 
java_command: FinalProject.Main
java_class_path (initial): C:\Users\ASUS\Documents\NetBeansProjects\ProjectPBO\build\classes
Launcher Type: SUN_STANDARD

[Global flags]
     intx CICompilerCount                          = 4                                         {product} {ergonomic}
     uint ConcGCThreads                            = 2                                         {product} {ergonomic}
     uint G1ConcRefinementThreads                  = 8                                         {product} {ergonomic}
   size_t G1HeapRegionSize                         = 1048576                                   {product} {ergonomic}
    uintx GCDrainStackTargetSize                   = 64                                        {product} {ergonomic}
   size_t InitialHeapSize                          = 130023424                                 {product} {ergonomic}
   size_t MarkStackSize                            = 4194304                                   {product} {ergonomic}
   size_t MaxHeapSize                              = 2067791872                                {product} {ergonomic}
   size_t MinHeapDeltaBytes                        = 1048576                                   {product} {ergonomic}
   size_t MinHeapSize                              = 8388608                                   {product} {ergonomic}
    uintx NonNMethodCodeHeapSize                   = 5839372                                {pd product} {ergonomic}
    uintx NonProfiledCodeHeapSize                  = 122909434                              {pd product} {ergonomic}
    uintx ProfiledCodeHeapSize                     = 122909434                              {pd product} {ergonomic}
    uintx ReservedCodeCacheSize                    = 251658240                              {pd product} {ergonomic}
     bool SegmentedCodeCache                       = true                                      {product} {ergonomic}
   size_t SoftMaxHeapSize                          = 2067791872                             {manageable} {ergonomic}
     bool UseCompressedOops                        = true                           {product lp64_product} {ergonomic}
     bool UseG1GC                                  = true                                      {product} {ergonomic}
     bool UseLargePagesIndividualAllocation        = false                                  {pd product} {ergonomic}

Logging:
Log output configuration:
 #0: stdout all=warning uptime,level,tags foldmultilines=false
 #1: stderr all=off uptime,level,tags foldmultilines=false

Environment Variables:
PATH=C:\Program Files (x86)\Common Files\Oracle\Java\javapath;C:\WINDOWS\system32;C:\WINDOWS;C:\WINDOWS\System32\Wbem;C:\WINDOWS\System32\WindowsPowerShell\v1.0\;C:\WINDOWS\System32\OpenSSH\;C:\Program Files\Git\cmd;C:\Program Files\Git\usr\bin;C:\Program Files\ConEmu;C:\Users\ASUS\AppData\Local\Programs\Python\Python310\Scripts\;C:\Users\ASUS\AppData\Local\Programs\Python\Python310\;C:\Users\ASUS\AppData\Local\Microsoft\WindowsApps;C:\Users\ASUS\AppData\Local\Programs\Microsoft VS Code\bin;C:\Users\ASUS\AppData\Local\Programs\Python\Python310;C:\Users\ASUS\AppData\Local\Programs\Python\Python310\Scripts;
USERNAME=ASUS
OS=Windows_NT
PROCESSOR_IDENTIFIER=Intel64 Family 6 Model 140 Stepping 1, GenuineIntel
TMP=C:\Users\ASUS\AppData\Local\Temp
TEMP=C:\Users\ASUS\AppData\Local\Temp




Periodic native trim disabled

---------------  S Y S T E M  ---------------

OS:
 Windows 11 , 64 bit Build 22621 (10.0.22621.2506)
OS uptime: 0 days 2:24 hours
Hyper-V role detected

CPU: total 8 (initial active 8) (4 cores per cpu, 2 threads per core) family 6 model 140 stepping 1 microcode 0x86, cx8, cmov, fxsr, ht, mmx, 3dnowpref, sse, sse2, sse3, ssse3, sse4.1, sse4.2, popcnt, lzcnt, tsc, tscinvbit, avx, avx2, aes, erms, clmul, bmi1, bmi2, adx, avx512f, avx512dq, avx512cd, avx512bw, avx512vl, sha, fma, vzeroupper, avx512_vpopcntdq, avx512_vpclmulqdq, avx512_vaes, avx512_vnni, clflush, clflushopt, clwb, avx512_vbmi2, avx512_vbmi, hv, rdtscp, rdpid, fsrm, gfni, avx512_bitalg, f16c, cet_ibt, cet_ss, avx512_ifma
Processor Information for all 8 processors :
  Max Mhz: 2419, Current Mhz: 2419, Mhz Limit: 2419

Memory: 4k page, system-wide physical 7885M (1180M free)
TotalPageFile size 9933M (AvailPageFile size 5M)
current process WorkingSet (physical memory assigned to process): 11M, peak: 11M
current process commit charge ("private bytes"): 56M, peak: 57M

vm_info: OpenJDK 64-Bit Server VM (21.0.1+12-LTS) for windows-amd64 JRE (21.0.1+12-LTS) (Zulu21.30+15-CA), built on 2023-10-11T21:38:38Z by "zulu_re" with MS VC++ 17.1 (VS2022)

END.
